<?xml version="1.0" encoding="UTF-8"?>
<!-- Generated by org.testng.reporters.JUnitXMLReporter -->
<testsuite ignored="0" hostname="DESKTOP-TIC5DM4" failures="0" tests="4" name="Default test" time="189.794" errors="0" timestamp="2024-08-07T13:41:39 IST">
  <testcase classname="com.qa.testcases.checkoutTC_002" name="addingnewadress" time="56.146"/>
  <testcase classname="com.qa.testcases.checkoutTC_002" name="checkoutProcess" time="31.443"/>
  <testcase classname="com.qa.testcases.checkoutTC_002" name="checkoutProcess1" time="35.341"/>
  <testcase classname="com.qa.testcases.checkoutTC_002" name="missingshippingdeatils" time="28.701"/>
</testsuite> <!-- Default test -->
