<?xml version="1.0" encoding="UTF-8"?>
<testng-results ignored="0" total="1" passed="1" failed="0" skipped="0">
  <reporter-output>
  </reporter-output>
  <suite started-at="2024-08-08T19:39:59 IST" name="Default suite" finished-at="2024-08-08T19:40:50 IST" duration-ms="51570">
    <groups>
    </groups>
    <test started-at="2024-08-08T19:39:59 IST" name="Default test" finished-at="2024-08-08T19:40:50 IST" duration-ms="51570">
      <class name="com.qa.testcases.addtocart">
        <test-method is-config="true" signature="bm()[pri:0, instance:com.qa.testcases.addtocart@4f83df68]" started-at="2024-08-08T19:39:59 IST" name="bm" finished-at="2024-08-08T19:40:09 IST" duration-ms="10273" status="PASS">
          <reporter-output>
          </reporter-output>
        </test-method> <!-- bm -->
        <test-method signature="addtocardaction4()[pri:0, instance:com.qa.testcases.addtocart@4f83df68]" started-at="2024-08-08T19:40:09 IST" name="addtocardaction4" finished-at="2024-08-08T19:40:50 IST" duration-ms="40581" status="PASS">
          <reporter-output>
          </reporter-output>
        </test-method> <!-- addtocardaction4 -->
        <test-method is-config="true" signature="am()[pri:0, instance:com.qa.testcases.addtocart@4f83df68]" started-at="2024-08-08T19:40:50 IST" name="am" finished-at="2024-08-08T19:40:50 IST" duration-ms="579" status="PASS">
          <reporter-output>
          </reporter-output>
        </test-method> <!-- am -->
      </class> <!-- com.qa.testcases.addtocart -->
    </test> <!-- Default test -->
  </suite> <!-- Default suite -->
</testng-results>
