<?xml version="1.0" encoding="UTF-8"?>
<!-- Generated by org.testng.reporters.JUnitXMLReporter -->
<testsuite ignored="0" hostname="DESKTOP-TIC5DM4" failures="0" tests="6" name="RegistrationTests" time="72.06" errors="0" timestamp="2024-08-07T10:09:31 IST">
  <testcase classname="com.qa.testcases.SignUpTests" name="testUserRegistration" time="4.426"/>
  <testcase classname="com.qa.testcases.SignUpTests" name="TC_SignUp_02_UnsuccessfulSignUpWithEmptyMandatoryFields" time="1.826"/>
  <testcase classname="com.qa.testcases.SignUpTests" name="TC_SignUp_03_UnsuccessfulSignUpWithInvalidEmailFormat" time="2.169"/>
  <testcase classname="com.qa.testcases.SignUpTests" name="TC_SignUp_04_UnsuccessfulSignUpWithWeakPassword" time="2.303"/>
  <testcase classname="com.qa.testcases.SignUpTests" name="TC_SignUp_05_UnsuccessfulSignUpWithMismatchedPassword" time="2.206"/>
  <testcase classname="com.qa.testcases.SignUpTests" name="TC_SignUp_06_SuccessfulRegistration" time="6.664"/>
</testsuite> <!-- RegistrationTests -->
